<?xml version="1.0" encoding="UTF-8"?>
<!-- Generated by org.testng.reporters.JUnitReportReporter -->
<testsuite hostname="ADS107-AHQ" failures="0" tests="3" name="tests.MedicalHistory.AddOperation" time="125.606" errors="0" timestamp="2020-11-02T16:15:06 EET" skipped="0">
  <testcase classname="tests.MedicalHistory.AddOperation" name="OpenAddNewPage" time="54.905"/>
  <system-out/>
  <testcase classname="tests.MedicalHistory.AddOperation" name="OpenLabPage" time="37.309"/>
  <system-out/>
  <testcase classname="tests.MedicalHistory.AddOperation" name="addDataRadfields" time="33.392"/>
  <system-out/>
</testsuite> <!-- tests.MedicalHistory.AddOperation -->
