<?xml version="1.0" encoding="UTF-8"?>
<!-- Generated by org.testng.reporters.JUnitReportReporter -->
<testsuite hostname="DESKTOP-O29I1QM" failures="0" tests="1" name="tests.MedicalHistory.timeline" time="3.185" errors="0" timestamp="2020-10-09T18:53:33 EET" skipped="0">
  <testcase classname="tests.MedicalHistory.timeline" name="OpenSyncForm" time="3.185"/>
  <system-out/>
</testsuite> <!-- tests.MedicalHistory.timeline -->
