<?xml version="1.0" encoding="UTF-8"?>
<!-- Generated by org.testng.reporters.JUnitReportReporter -->
<testsuite hostname="ADS107-AHQ" failures="0" tests="1" name="tests.TabbedPage.OpenMedicalHisoryPage" time="10.261" errors="0" timestamp="2020-11-02T17:38:35 EET" skipped="0">
  <testcase classname="tests.TabbedPage.OpenMedicalHisoryPage" name="OpenMedicalHisoryPage" time="10.261"/>
  <system-out/>
</testsuite> <!-- tests.TabbedPage.OpenMedicalHisoryPage -->
