<?xml version="1.0" encoding="UTF-8"?>
<!-- Generated by org.testng.reporters.JUnitReportReporter -->
<testsuite hostname="ADS107-AHQ" failures="0" tests="8" name="tests.Profile.Addlifestyle" time="317.359" errors="0" timestamp="2020-11-01T11:24:28 EET" skipped="0">
  <testcase classname="tests.Profile.Addlifestyle" name="UseOfCaffeine" time="244.711"/>
  <system-out/>
  <testcase classname="tests.Profile.Addlifestyle" name="SmokingHebits" time="11.230"/>
  <system-out/>
  <testcase classname="tests.Profile.Addlifestyle" name="AlcoholConsumption" time="10.021"/>
  <system-out/>
  <testcase classname="tests.Profile.Addlifestyle" name="ActivityLevel" time="9.525"/>
  <system-out/>
  <testcase classname="tests.Profile.Addlifestyle" name="IllicitDrugUse" time="11.590"/>
  <system-out/>
  <testcase classname="tests.Profile.Addlifestyle" name="DietaryType" time="11.593"/>
  <system-out/>
  <testcase classname="tests.Profile.Addlifestyle" name="DoYouUseAWheelChair" time="10.981"/>
  <system-out/>
  <testcase classname="tests.Profile.Addlifestyle" name="OrganDonor" time="7.708"/>
  <system-out/>
</testsuite> <!-- tests.Profile.Addlifestyle -->
