<?xml version="1.0" encoding="UTF-8"?>
<!-- Generated by org.testng.reporters.JUnitReportReporter -->
<testsuite hostname="ADS107-AHQ" failures="0" tests="1" name="tests.TabbedPage.OpenBookingPage" time="0.000" errors="0" timestamp="2020-11-01T11:10:18 EET" skipped="1">
  <testcase classname="tests.TabbedPage.OpenBookingPage" name="OpenBookingPage" time="0.000">
    <skipped/>
  </testcase> <!-- OpenBookingPage -->
  <system-out/>
</testsuite> <!-- tests.TabbedPage.OpenBookingPage -->
