<?xml version="1.0" encoding="UTF-8"?>
<!-- Generated by org.testng.reporters.JUnitReportReporter -->
<testsuite hostname="ADS107-AHQ" failures="0" tests="1" name="tests.TestDB" time="0.202" errors="0" timestamp="2020-10-24T19:38:58 EET" skipped="0">
  <testcase classname="tests.TestDB" name="getDataFromDataBase" time="0.202"/>
  <system-out/>
</testsuite> <!-- tests.TestDB -->
