<?xml version="1.0" encoding="UTF-8"?>
<!-- Generated by org.testng.reporters.JUnitReportReporter -->
<testsuite hostname="ADS107-AHQ" failures="0" tests="1" name="tests.SplashScreen" time="12.401" errors="0" timestamp="2020-11-02T17:38:35 EET" skipped="0">
  <testcase classname="tests.SplashScreen" name="splachScreen" time="12.401"/>
  <system-out/>
</testsuite> <!-- tests.SplashScreen -->
