<?xml version="1.0" encoding="UTF-8"?>
<!-- Generated by org.testng.reporters.JUnitReportReporter -->
<testsuite hostname="ADS107-AHQ" failures="0" tests="3" name="tests.MedicalHistory.AddRad" time="294.411" errors="0" timestamp="2020-11-02T14:53:39 EET" skipped="0">
  <testcase classname="tests.MedicalHistory.AddRad" name="OpenAddNewPage" time="246.454"/>
  <system-out/>
  <testcase classname="tests.MedicalHistory.AddRad" name="OpenLabPage" time="10.831"/>
  <system-out/>
  <testcase classname="tests.MedicalHistory.AddRad" name="addDataRadfields" time="37.126"/>
  <system-out/>
</testsuite> <!-- tests.MedicalHistory.AddRad -->
