<?xml version="1.0" encoding="UTF-8"?>
<!-- Generated by org.testng.reporters.JUnitReportReporter -->
<testsuite hostname="ADS107-AHQ" failures="0" tests="1" name="tests.OpenProfilePage" time="12.812" errors="0" timestamp="2020-09-08T15:08:21 EET" skipped="0">
  <testcase classname="tests.OpenProfilePage" name="OpenProfilePage" time="12.812"/>
  <system-out/>
</testsuite> <!-- tests.OpenProfilePage -->
